[01:09:12] [main/INFO]: Loading Minecraft 1.21.1 with Fabric Loader 0.16.3
[01:09:12] [main/INFO]: Loading 10 mods:
	- fabricloader 0.16.3
	   \-- mixinextras 0.4.1
	- java 21
	- minecraft 1.21.1
	- voicechat 1.21.1-2.5.27
	   |-- fabric-api-base 0.4.42+6573ed8c6a
	   |-- fabric-command-api-v2 2.2.28+6ced4dd96a
	   |-- fabric-key-binding-api-v1 1.0.47+0af3f5a76a
	   |-- fabric-lifecycle-events-v1 2.3.12+6c1df3606a
	   |-- fabric-networking-api-v1 4.2.2+60c3209b6a
	   \-- fabric-resource-loader-v0 1.3.0+565991296a
[01:09:13] [main/INFO]: SpongePowered MIXIN Subsystem Version=0.8.7 Source=file:/workspaces/546yrtfhgfh/servidor_minecraft/libraries/net/fabricmc/sponge-mixin/0.15.2+mixin.0.8.7/sponge-mixin-0.15.2+mixin.0.8.7.jar Service=Knot/Fabric Env=SERVER
[01:09:13] [main/INFO]: Compatibility level set to JAVA_17
[01:09:15] [main/INFO]: Initializing MixinExtras via com.llamalad7.mixinextras.service.MixinExtrasServiceImpl(version=0.4.1).
[01:09:30] [main/INFO]: [voicechat] Compatibility version 18
[01:09:30] [main/INFO]: [voicechat] Loading plugins
[01:09:30] [main/INFO]: [voicechat] Loaded 0 plugin(s)
[01:09:30] [main/INFO]: [voicechat] Initializing plugins
[01:09:30] [main/INFO]: [voicechat] Initialized 0 plugin(s)
[01:09:31] [main/INFO]: Environment: Environment[sessionHost=https://sessionserver.mojang.com, servicesHost=https://api.minecraftservices.com, name=PROD]
[01:09:36] [main/INFO]: Loaded 1290 recipes
[01:09:37] [main/INFO]: Loaded 1399 advancements
[01:09:38] [Server thread/INFO]: Starting minecraft server version 1.21.1
[01:09:38] [Server thread/INFO]: Loading properties
[01:09:38] [Server thread/INFO]: Default game type: SURVIVAL
[01:09:38] [Server thread/INFO]: Generating keypair
[01:09:38] [Server thread/INFO]: Starting Minecraft server on *:25565
[01:09:39] [Server thread/INFO]: Using epoll channel type
[01:09:39] [Server thread/WARN]: **** SERVER IS RUNNING IN OFFLINE/INSECURE MODE!
[01:09:39] [Server thread/WARN]: The server will make no attempt to authenticate usernames. Beware.
[01:09:39] [Server thread/WARN]: While this makes the game possible to play without internet access, it also opens up the ability for hackers to connect with any username they choose.
[01:09:39] [Server thread/WARN]: To change this, set "online-mode" to "true" in the server.properties file.
[01:09:39] [Server thread/INFO]: Preparing level "world"
[01:09:49] [Server thread/INFO]: Preparing start region for dimension minecraft:overworld
[01:09:50] [Worker-Main-1/INFO]: Preparing spawn area: 0%
[01:09:50] [Worker-Main-1/INFO]: Preparing spawn area: 0%
[01:09:50] [Worker-Main-1/INFO]: Preparing spawn area: 32%
[01:09:50] [Server thread/INFO]: Time elapsed: 1478 ms
[01:09:50] [Server thread/INFO]: Done (11.537s)! For help, type "help"
[01:09:50] [Server thread/WARN]: [voicechat] Running in offline mode - Voice chat encryption is not secure!
[01:09:50] [VoiceChatServerThread/ERROR]: [voicechat] Failed to bind to address '172.30.124.31', binding to wildcard IP instead
[01:09:50] [VoiceChatServerThread/INFO]: [voicechat] Voice chat server started at 172.30.124.31:24454
[01:10:12] [Server thread/INFO]: troll_face300[/172.30.212.217:54955] logged in with entity id 9 at (-469.92727687156423, 63.0, -536.4684736299694)
[01:10:12] [Server thread/INFO]: troll_face300 joined the game
[01:10:18] [Server thread/WARN]: Can't keep up! Is the server overloaded? Running 2005ms or 40 ticks behind
[01:16:36] [Server thread/WARN]: Can't keep up! Is the server overloaded? Running 2050ms or 41 ticks behind
[01:59:29] [Server thread/INFO]: DaVIcHoz21[/172.30.41.140:50078] logged in with entity id 17877 at (-93.39431435076213, 242.00133597911216, -422.5870380191173)
[01:59:29] [Server thread/INFO]: DaVIcHoz21 joined the game
[01:59:46] [Server thread/INFO]: [Not Secure] <DaVIcHoz21> ola
[01:59:49] [Server thread/INFO]: [Not Secure] <troll_face300> holsa
[01:59:50] [Server thread/INFO]: [Not Secure] <troll_face300> hola
